Using pre-set license
Built from '2021.3/staging' branch; Version is '2021.3.2f1 (d6360bedb9a0) revision 14038539'; Using compiler version '192829333'; Build Type 'Release'
OS: 'Windows 11  (10.0.22621) 64bit Core' Language: 'ko' Physical Memory: 16085 MB
BatchMode: 1, IsHumanControllingUs: 0, StartBugReporterOnCrash: 0, Is64bit: 1, IsPro: 1

COMMAND LINE ARGUMENTS:
C:\Program Files\Unity\Hub\Editor\2021.3.2f1\Editor\Unity.exe
-adb2
-batchMode
-noUpm
-name
AssetImportWorker3
-projectPath
C:/Users/cksgm/OneDrive/바탕 화면/computer_science/Pish Game/pish Game
-logFile
Logs/AssetImportWorker3.log
-srvPort
59766
Successfully changed project path to: C:/Users/cksgm/OneDrive/바탕 화면/computer_science/Pish Game/pish Game
C:/Users/cksgm/OneDrive/바탕 화면/computer_science/Pish Game/pish Game
[UnityMemory] Configuration Parameters - Can be set up in boot.config
    "memorysetup-bucket-allocator-granularity=16"
    "memorysetup-bucket-allocator-bucket-count=8"
    "memorysetup-bucket-allocator-block-size=33554432"
    "memorysetup-bucket-allocator-block-count=8"
    "memorysetup-main-allocator-block-size=16777216"
    "memorysetup-thread-allocator-block-size=16777216"
    "memorysetup-gfx-main-allocator-block-size=16777216"
    "memorysetup-gfx-thread-allocator-block-size=16777216"
    "memorysetup-cache-allocator-block-size=4194304"
    "memorysetup-typetree-allocator-block-size=2097152"
    "memorysetup-profiler-bucket-allocator-granularity=16"
    "memorysetup-profiler-bucket-allocator-bucket-count=8"
    "memorysetup-profiler-bucket-allocator-block-size=33554432"
    "memorysetup-profiler-bucket-allocator-block-count=8"
    "memorysetup-profiler-allocator-block-size=16777216"
    "memorysetup-profiler-editor-allocator-block-size=1048576"
    "memorysetup-temp-allocator-size-main=16777216"
    "memorysetup-job-temp-allocator-block-size=2097152"
    "memorysetup-job-temp-allocator-block-size-background=1048576"
    "memorysetup-job-temp-allocator-reduction-small-platforms=262144"
    "memorysetup-temp-allocator-size-background-worker=32768"
    "memorysetup-temp-allocator-size-job-worker=262144"
    "memorysetup-temp-allocator-size-preload-manager=33554432"
    "memorysetup-temp-allocator-size-nav-mesh-worker=65536"
    "memorysetup-temp-allocator-size-audio-worker=65536"
    "memorysetup-temp-allocator-size-cloud-worker=32768"
    "memorysetup-temp-allocator-size-gi-baking-worker=262144"
    "memorysetup-temp-allocator-size-gfx=262144"
Refreshing native plugins compatible for Editor in 130.14 ms, found 8 plugins.
Preloading 1 native plugins for Editor in 0.52 ms.
Initialize engine version: 2021.3.2f1 (d6360bedb9a0)
[Subsystems] Discovering subsystems at path C:/Program Files/Unity/Hub/Editor/2021.3.2f1/Editor/Data/Resources/UnitySubsystems
[Subsystems] Discovering subsystems at path C:/Users/cksgm/OneDrive/바탕 화면/computer_science/Pish Game/pish Game/Assets
GfxDevice: creating device client; threaded=0; jobified=0
Direct3D:
    Version:  Direct3D 11.0 [level 11.1]
    Renderer: NVIDIA GeForce RTX 3070 Laptop GPU (ID=0x249d)
    Vendor:   NVIDIA
    VRAM:     8033 MB
    Driver:   31.0.15.3118
Shader 'CalmWater/Calm Water [DX11] [Double Sided]': fallback shader 'Legacy/Diffuse' not found
Shader 'Oculus/OVRMRCameraFrameLit': fallback shader 'Alpha-Diffuse' not found
Initialize mono
Mono path[0] = 'C:/Program Files/Unity/Hub/Editor/2021.3.2f1/Editor/Data/Managed'
Mono path[1] = 'C:/Program Files/Unity/Hub/Editor/2021.3.2f1/Editor/Data/MonoBleedingEdge/lib/mono/unityjit-win32'
Mono config path = 'C:/Program Files/Unity/Hub/Editor/2021.3.2f1/Editor/Data/MonoBleedingEdge/etc'
Using monoOptions --debugger-agent=transport=dt_socket,embedding=1,server=y,suspend=n,address=127.0.0.1:56140
Begin MonoManager ReloadAssembly
Registering precompiled unity dll's ...
Register platform support module: C:/Program Files/Unity/Hub/Editor/2021.3.2f1/Editor/Data/PlaybackEngines/AndroidPlayer/UnityEditor.Android.Extensions.dll
Register platform support module: C:/Program Files/Unity/Hub/Editor/2021.3.2f1/Editor/Data/PlaybackEngines/WindowsStandaloneSupport/UnityEditor.WindowsStandalone.Extensions.dll
Registered in 0.021681 seconds.
Native extension for WindowsStandalone target not found
Native extension for Android target not found
Refreshing native plugins compatible for Editor in 109.30 ms, found 8 plugins.
Preloading 1 native plugins for Editor in 0.12 ms.
Mono: successfully reloaded assembly
- Completed reload, in  0.734 seconds
Domain Reload Profiling:
	ReloadAssembly (734ms)
		BeginReloadAssembly (130ms)
			ExecutionOrderSort (0ms)
			DisableScriptedObjects (0ms)
			BackupInstance (0ms)
			ReleaseScriptingObjects (0ms)
			CreateAndSetChildDomain (1ms)
		EndReloadAssembly (475ms)
			LoadAssemblies (123ms)
			RebuildTransferFunctionScriptingTraits (0ms)
			SetupTypeCache (99ms)
			ReleaseScriptCaches (0ms)
			RebuildScriptCaches (22ms)
			SetupLoadedEditorAssemblies (291ms)
				LogAssemblyErrors (0ms)
				InitializePlatformSupportModulesInManaged (49ms)
				SetLoadedEditorAssemblies (0ms)
				RefreshPlugins (109ms)
				BeforeProcessingInitializeOnLoad (1ms)
				ProcessInitializeOnLoadAttributes (83ms)
				ProcessInitializeOnLoadMethodAttributes (48ms)
				AfterProcessingInitializeOnLoad (0ms)
				EditorAssembliesLoaded (0ms)
			ExecutionOrderSort2 (0ms)
			AwakeInstancesAfterBackupRestoration (0ms)
Platform modules already initialized, skipping
Registering precompiled user dll's ...
Registered in 0.013866 seconds.
Begin MonoManager ReloadAssembly
Symbol file LoadedFromMemory doesn't match image C:\Users\cksgm\OneDrive\바탕 화면\computer_science\Pish Game\pish Game\Library\PackageCache\com.unity.visualscripting@1.7.6\Editor\VisualScripting.Core\Dependencies\DotNetZip\Unity.VisualScripting.IonicZip.dll
Symbol file LoadedFromMemory doesn't match image C:\Users\cksgm\OneDrive\바탕 화면\computer_science\Pish Game\pish Game\Library\PackageCache\com.unity.visualscripting@1.7.6\Editor\VisualScripting.Core\Dependencies\YamlDotNet\Unity.VisualScripting.YamlDotNet.dll
Native extension for WindowsStandalone target not found
Native extension for Android target not found
Refreshing native plugins compatible for Editor in 1.05 ms, found 8 plugins.
Preloading 1 native plugins for Editor in 0.13 ms.
Package Manager log level set to [2]
[XR] OculusXRPlugin: registering subsystems
[XR] Unable to register display lifecyle provider: [1]
[XR] Oculus Input lifecycle provider registered.
[XR] Unable to register input lifecyle provider: [1]
[XR] OVRP version 1.82.0
Mono: successfully reloaded assembly
- Completed reload, in  1.412 seconds
Domain Reload Profiling:
	ReloadAssembly (1412ms)
		BeginReloadAssembly (277ms)
			ExecutionOrderSort (0ms)
			DisableScriptedObjects (5ms)
			BackupInstance (0ms)
			ReleaseScriptingObjects (0ms)
			CreateAndSetChildDomain (125ms)
		EndReloadAssembly (1003ms)
			LoadAssemblies (180ms)
			RebuildTransferFunctionScriptingTraits (0ms)
			SetupTypeCache (283ms)
			ReleaseScriptCaches (1ms)
			RebuildScriptCaches (68ms)
			SetupLoadedEditorAssemblies (467ms)
				LogAssemblyErrors (0ms)
				InitializePlatformSupportModulesInManaged (17ms)
				SetLoadedEditorAssemblies (0ms)
				RefreshPlugins (1ms)
				BeforeProcessingInitializeOnLoad (132ms)
				ProcessInitializeOnLoadAttributes (275ms)
				ProcessInitializeOnLoadMethodAttributes (24ms)
				AfterProcessingInitializeOnLoad (17ms)
				EditorAssembliesLoaded (0ms)
			ExecutionOrderSort2 (0ms)
			AwakeInstancesAfterBackupRestoration (16ms)
Platform modules already initialized, skipping
========================================================================
Worker process is ready to serve import requests
Shader 'CalmWater/Calm Water [DX11] [Double Sided]': fallback shader 'Legacy/Diffuse' not found
Shader 'Oculus/OVRMRCameraFrameLit': fallback shader 'Alpha-Diffuse' not found
Launched and connected shader compiler UnityShaderCompiler.exe after 0.04 seconds
Refreshing native plugins compatible for Editor in 1.06 ms, found 8 plugins.
Preloading 1 native plugins for Editor in 0.10 ms.
Unloading 4969 Unused Serialized files (Serialized files now loaded: 0)
Unloading 59 unused Assets / (197.4 KB). Loaded Objects now: 5432.
Memory consumption went from 198.6 MB to 198.5 MB.
Total: 11.788500 ms (FindLiveObjects: 4.258900 ms CreateObjectMapping: 1.456200 ms MarkObjects: 5.849300 ms  DeleteObjects: 0.222800 ms)

AssetImportParameters requested are different than current active one (requested -> active):
  custom:video-decoder-ogg-theora: a1e56fd34408186e4bbccfd4996cb3dc -> 
  custom:container-muxer-webm: aa71ff27fc2769a1b78a27578f13a17b -> 
  custom:container-demuxer-webm: 4f35f7cbe854078d1ac9338744f61a02 -> 
  custom:video-encoder-webm-vp8: eb34c28f22e8b96e1ab97ce403110664 -> 
  custom:audio-encoder-webm-vorbis: bf7c407c2cedff20999df2af8eb42d56 -> 
  custom:framework-win-MediaFoundation: 216162199b28c13a410421893ffa2e32 -> 
  custom:container-demuxer-ogg: 62fdf1f143b41e24485cea50d1cbac27 -> 
  custom:video-decoder-webm-vp8: 9c59270c3fd7afecdb556c50c9e8de78 -> 
  custom:audio-decoder-ogg-vorbis: bf7c407c2cedff20999df2af8eb42d56 -> 
========================================================================
Received Import Request.
  Time since last request: 113375.814828 seconds.
  path: Assets/Water_Splashes/Textures/BigSplash_Wake_TextureSheet.tif
  artifactKey: Guid(b7d6a11370ab21e4eb336bfa64d6d8bc) Importer(815301076,1909f56bfc062723c751e8b465ee728b)
Start importing Assets/Water_Splashes/Textures/BigSplash_Wake_TextureSheet.tif using Guid(b7d6a11370ab21e4eb336bfa64d6d8bc) Importer(815301076,1909f56bfc062723c751e8b465ee728b)  -> (artifact id: 'afa8377c291fbbdfc30dc8a62db5cb49') in 0.127402 seconds 
========================================================================
Received Import Request.
  Time since last request: 0.000019 seconds.
  path: Assets/Calm Water/Demo/River/Textures/T_Sand_D.tga
  artifactKey: Guid(9718be3f12f1251479d86a9666db5084) Importer(815301076,1909f56bfc062723c751e8b465ee728b)
Start importing Assets/Calm Water/Demo/River/Textures/T_Sand_D.tga using Guid(9718be3f12f1251479d86a9666db5084) Importer(815301076,1909f56bfc062723c751e8b465ee728b)  -> (artifact id: 'b2fc8ec679a159e01dd259f636c35fa7') in 0.038328 seconds 
========================================================================
Received Import Request.
  Time since last request: 0.000021 seconds.
  path: Assets/Water_Splashes/Textures/BigSplash_Jet_TextureSheet.tif
  artifactKey: Guid(8f840f996872d0041a26b68adbc3f37e) Importer(815301076,1909f56bfc062723c751e8b465ee728b)
Start importing Assets/Water_Splashes/Textures/BigSplash_Jet_TextureSheet.tif using Guid(8f840f996872d0041a26b68adbc3f37e) Importer(815301076,1909f56bfc062723c751e8b465ee728b)  -> (artifact id: 'fa5a92654d25540772201d5294eb558b') in 0.028231 seconds 
========================================================================
Received Import Request.
  Time since last request: 23.277603 seconds.
  path: Assets/Calm Water/Demo/River/Materials/NewLayer 3.terrainlayer
  artifactKey: Guid(bb3457c2c59ed2447a32b3126ac34286) Importer(815301076,1909f56bfc062723c751e8b465ee728b)
Start importing Assets/Calm Water/Demo/River/Materials/NewLayer 3.terrainlayer using Guid(bb3457c2c59ed2447a32b3126ac34286) Importer(815301076,1909f56bfc062723c751e8b465ee728b)  -> (artifact id: '6b0ba84fb124ce0227da74275d7614f7') in 0.047087 seconds 
========================================================================
Received Import Request.
  Time since last request: 33.530224 seconds.
  path: Packages/com.unity.collab-proxy/Editor/Collaborate/Assets/Icons/collaborate-progress-light.png
  artifactKey: Guid(98eea3a123f8b4c468b7e43d0ff3c232) Importer(815301076,1909f56bfc062723c751e8b465ee728b)
Start importing Packages/com.unity.collab-proxy/Editor/Collaborate/Assets/Icons/collaborate-progress-light.png using Guid(98eea3a123f8b4c468b7e43d0ff3c232) Importer(815301076,1909f56bfc062723c751e8b465ee728b)  -> (artifact id: '11b42ea47a24301c708501cbc9b87100') in 0.033184 seconds 
========================================================================
Received Import Request.
  Time since last request: 39.287427 seconds.
  path: Assets/Calm Water/Demo/River/Textures/T_WA_GenericMoss_N_01.TGA
  artifactKey: Guid(166cd7d7259de55468ff04830950f267) Importer(815301076,1909f56bfc062723c751e8b465ee728b)
Start importing Assets/Calm Water/Demo/River/Textures/T_WA_GenericMoss_N_01.TGA using Guid(166cd7d7259de55468ff04830950f267) Importer(815301076,1909f56bfc062723c751e8b465ee728b)  -> (artifact id: 'a879560a3ce3ed459c1b88ff21a0b53e') in 0.069382 seconds 
========================================================================
Received Import Request.
  Time since last request: 2.128509 seconds.
  path: Assets/Oculus/SampleFramework/Usage/OVROverlay/Textures/Tile_Texture_CinemaText.png
  artifactKey: Guid(695537b83ff4c854ba3a62d3350a26ec) Importer(815301076,1909f56bfc062723c751e8b465ee728b)
Start importing Assets/Oculus/SampleFramework/Usage/OVROverlay/Textures/Tile_Texture_CinemaText.png using Guid(695537b83ff4c854ba3a62d3350a26ec) Importer(815301076,1909f56bfc062723c751e8b465ee728b)  -> (artifact id: '56c199abf35e30dcad3f2c09dba488b0') in 0.016881 seconds 
========================================================================
Received Import Request.
  Time since last request: 1.642472 seconds.
  path: Packages/com.unity.timeline/Editor/StyleSheets/Images/DarkSkin/TimelineActivation.png
  artifactKey: Guid(359cf58d5969d1a4aad29b095c7fc338) Importer(815301076,1909f56bfc062723c751e8b465ee728b)
Start importing Packages/com.unity.timeline/Editor/StyleSheets/Images/DarkSkin/TimelineActivation.png using Guid(359cf58d5969d1a4aad29b095c7fc338) Importer(815301076,1909f56bfc062723c751e8b465ee728b)  -> (artifact id: 'c3386a75855583f88775adf94b77d37d') in 0.019956 seconds 
========================================================================
Received Import Request.
  Time since last request: 0.000018 seconds.
  path: Packages/com.unity.timeline/Editor/StyleSheets/Images/DarkSkin/TimelineAutokey@2x.png
  artifactKey: Guid(af24c542434a025448222d576f61a956) Importer(815301076,1909f56bfc062723c751e8b465ee728b)
Start importing Packages/com.unity.timeline/Editor/StyleSheets/Images/DarkSkin/TimelineAutokey@2x.png using Guid(af24c542434a025448222d576f61a956) Importer(815301076,1909f56bfc062723c751e8b465ee728b)  -> (artifact id: '0797be58b3aaa593ccd8e74cddec050f') in 0.010707 seconds 
========================================================================
Received Import Request.
  Time since last request: 0.027406 seconds.
  path: Packages/com.unity.timeline/Editor/StyleSheets/Images/LightSkin/TimelineAutokey_active@2x.png
  artifactKey: Guid(f6717d61970edba4686c297677881a77) Importer(815301076,1909f56bfc062723c751e8b465ee728b)
Start importing Packages/com.unity.timeline/Editor/StyleSheets/Images/LightSkin/TimelineAutokey_active@2x.png using Guid(f6717d61970edba4686c297677881a77) Importer(815301076,1909f56bfc062723c751e8b465ee728b)  -> (artifact id: '4f8dad0fa076ce6710572918bd32996d') in 0.008390 seconds 
========================================================================
Received Import Request.
  Time since last request: 0.000019 seconds.
  path: Packages/com.unity.timeline/Editor/StyleSheets/Images/Icons/TimelineClipBG.png
  artifactKey: Guid(d44fc8b11425e0043aa7c20a301ce707) Importer(815301076,1909f56bfc062723c751e8b465ee728b)
Start importing Packages/com.unity.timeline/Editor/StyleSheets/Images/Icons/TimelineClipBG.png using Guid(d44fc8b11425e0043aa7c20a301ce707) Importer(815301076,1909f56bfc062723c751e8b465ee728b)  -> (artifact id: '7b711eb73bb5c65e17d26b0f9541d668') in 0.019550 seconds 
========================================================================
Received Import Request.
  Time since last request: 0.000022 seconds.
  path: Packages/com.unity.timeline/Editor/StyleSheets/Images/Shared/TimelineSwatch.png
  artifactKey: Guid(e50018fd67fc156459e4014bdad3f5f6) Importer(815301076,1909f56bfc062723c751e8b465ee728b)
Start importing Packages/com.unity.timeline/Editor/StyleSheets/Images/Shared/TimelineSwatch.png using Guid(e50018fd67fc156459e4014bdad3f5f6) Importer(815301076,1909f56bfc062723c751e8b465ee728b)  -> (artifact id: '016a70e55d47ca37989233c7039b7d30') in 0.011319 seconds 
========================================================================
Received Import Request.
  Time since last request: 0.000019 seconds.
  path: Packages/com.unity.timeline/Editor/StyleSheets/Images/Shared/TimelineWarning.png
  artifactKey: Guid(1732e542f535d374bbfa7565fc78414e) Importer(815301076,1909f56bfc062723c751e8b465ee728b)
Start importing Packages/com.unity.timeline/Editor/StyleSheets/Images/Shared/TimelineWarning.png using Guid(1732e542f535d374bbfa7565fc78414e) Importer(815301076,1909f56bfc062723c751e8b465ee728b)  -> (artifact id: '75e9fa32a4e544250a65a8e486e88e89') in 0.016343 seconds 
========================================================================
Received Import Request.
  Time since last request: 0.000017 seconds.
  path: Packages/com.unity.timeline/Editor/StyleSheets/Images/Icons/TrackMuteButtonDisabled.png
  artifactKey: Guid(5216b1b48296ef345ad2d2ec43105bf0) Importer(815301076,1909f56bfc062723c751e8b465ee728b)
Start importing Packages/com.unity.timeline/Editor/StyleSheets/Images/Icons/TrackMuteButtonDisabled.png using Guid(5216b1b48296ef345ad2d2ec43105bf0) Importer(815301076,1909f56bfc062723c751e8b465ee728b)  -> (artifact id: 'fd2ce30d2e1cb089b2cb33498daa62cc') in 0.011435 seconds 
========================================================================
Received Import Request.
  Time since last request: 0.000016 seconds.
  path: Packages/com.unity.timeline/Editor/StyleSheets/Images/Icons/TrackRecordButtonDisabled@2x.png
  artifactKey: Guid(6091f9516d23100479c03bca26138bc8) Importer(815301076,1909f56bfc062723c751e8b465ee728b)
Start importing Packages/com.unity.timeline/Editor/StyleSheets/Images/Icons/TrackRecordButtonDisabled@2x.png using Guid(6091f9516d23100479c03bca26138bc8) Importer(815301076,1909f56bfc062723c751e8b465ee728b)  -> (artifact id: 'a0e651f3214701146a4afbf2177b72e2') in 0.013028 seconds 
========================================================================
Received Import Request.
  Time since last request: 0.000021 seconds.
  path: Packages/com.unity.timeline/Editor/StyleSheets/Images/Icons/TrackRecordButtonEnabled.png
  artifactKey: Guid(c6a0c6226c05f954fa6cd03aebb4d255) Importer(815301076,1909f56bfc062723c751e8b465ee728b)
Start importing Packages/com.unity.timeline/Editor/StyleSheets/Images/Icons/TrackRecordButtonEnabled.png using Guid(c6a0c6226c05f954fa6cd03aebb4d255) Importer(815301076,1909f56bfc062723c751e8b465ee728b)  -> (artifact id: '443244f12844291828fd9dd67da239f3') in 0.008704 seconds 
========================================================================
Received Import Request.
  Time since last request: 0.035732 seconds.
  path: Assets/Calm Water/Demo/River/Textures/Cedar_01_Textures/translucency_gloss.png
  artifactKey: Guid(152f21e5233f31c4b9ba78a43cb269d4) Importer(815301076,1909f56bfc062723c751e8b465ee728b)
Start importing Assets/Calm Water/Demo/River/Textures/Cedar_01_Textures/translucency_gloss.png using Guid(152f21e5233f31c4b9ba78a43cb269d4) Importer(815301076,1909f56bfc062723c751e8b465ee728b)  -> (artifact id: '94f499c10951ab172a4d341026b7696f') in 0.014434 seconds 
========================================================================
Received Import Request.
  Time since last request: 0.000015 seconds.
  path: Assets/Oculus/SampleFramework/Usage/Locomotion/Textures/wall_cinder_01_nml.png
  artifactKey: Guid(158ed6dbb513a4b9eb8942f0f15401d1) Importer(815301076,1909f56bfc062723c751e8b465ee728b)
Start importing Assets/Oculus/SampleFramework/Usage/Locomotion/Textures/wall_cinder_01_nml.png using Guid(158ed6dbb513a4b9eb8942f0f15401d1) Importer(815301076,1909f56bfc062723c751e8b465ee728b)  -> (artifact id: '0d4038b8aca82d06c2d5a9004b652d9b') in 0.053645 seconds 
========================================================================
Received Import Request.
  Time since last request: 0.000039 seconds.
  path: Assets/Oculus/SampleFramework/Usage/Locomotion/Textures/wall_cinder_01_dif.png
  artifactKey: Guid(f7015a3434c124bc8a51d1d13bac63bf) Importer(815301076,1909f56bfc062723c751e8b465ee728b)
Start importing Assets/Oculus/SampleFramework/Usage/Locomotion/Textures/wall_cinder_01_dif.png using Guid(f7015a3434c124bc8a51d1d13bac63bf) Importer(815301076,1909f56bfc062723c751e8b465ee728b)  -> (artifact id: 'd6c15fe7030599762a4e8802044bbc6a') in 0.033291 seconds 
========================================================================
Received Import Request.
  Time since last request: 0.004265 seconds.
  path: Assets/Oculus/Voice/Lib/Wit.ai/Resources/witai.png
  artifactKey: Guid(d3b5ac4c8b01ef14a8a66d7e2a4991cc) Importer(815301076,1909f56bfc062723c751e8b465ee728b)
Start importing Assets/Oculus/Voice/Lib/Wit.ai/Resources/witai.png using Guid(d3b5ac4c8b01ef14a8a66d7e2a4991cc) Importer(815301076,1909f56bfc062723c751e8b465ee728b)  -> (artifact id: 'a0fefc196ead58c53f46f1cd0a7c4d17') in 0.045570 seconds 
========================================================================
Received Import Request.
  Time since last request: 0.248895 seconds.
  path: Assets/Oculus/SampleFramework/Usage/HandsTrainExample/Textures/XingLight.png
  artifactKey: Guid(11b03a969a56a6541938a82c96221de5) Importer(815301076,1909f56bfc062723c751e8b465ee728b)
Start importing Assets/Oculus/SampleFramework/Usage/HandsTrainExample/Textures/XingLight.png using Guid(11b03a969a56a6541938a82c96221de5) Importer(815301076,1909f56bfc062723c751e8b465ee728b)  -> (artifact id: 'b44fbd09046c912d712007fe81fb9734') in 0.012975 seconds 
========================================================================
Received Import Request.
  Time since last request: 0.000021 seconds.
  path: Packages/com.unity.collab-proxy/Editor/PlasticSCM/Assets/Images/xlink.png
  artifactKey: Guid(556a2f3b046024d4c9621c1b4be5f0c1) Importer(815301076,1909f56bfc062723c751e8b465ee728b)
Start importing Packages/com.unity.collab-proxy/Editor/PlasticSCM/Assets/Images/xlink.png using Guid(556a2f3b046024d4c9621c1b4be5f0c1) Importer(815301076,1909f56bfc062723c751e8b465ee728b)  -> (artifact id: '515472efe2e427de3243c7c167f4734f') in 0.009138 seconds 
========================================================================
Received Import Request.
  Time since last request: 0.021366 seconds.
  path: Assets/Oculus/SampleFramework/Usage/DistanceGrab/Materials/triangles.png
  artifactKey: Guid(42cde8c8cd0446b49b0d883688e875d8) Importer(815301076,1909f56bfc062723c751e8b465ee728b)
Start importing Assets/Oculus/SampleFramework/Usage/DistanceGrab/Materials/triangles.png using Guid(42cde8c8cd0446b49b0d883688e875d8) Importer(815301076,1909f56bfc062723c751e8b465ee728b)  -> (artifact id: '7fc6c2e07a4440891b43416e1f222ecb') in 0.010145 seconds 
========================================================================
Received Import Request.
  Time since last request: 0.000017 seconds.
  path: Assets/Oculus/SampleFramework/Usage/SharedAssets/Textures/triangles.png
  artifactKey: Guid(53aa997cbf3a15e48b78352b94e3f1b9) Importer(815301076,1909f56bfc062723c751e8b465ee728b)
Start importing Assets/Oculus/SampleFramework/Usage/SharedAssets/Textures/triangles.png using Guid(53aa997cbf3a15e48b78352b94e3f1b9) Importer(815301076,1909f56bfc062723c751e8b465ee728b)  -> (artifact id: '32e778b6bcd27cc236c061ebbcd26b82') in 0.009171 seconds 
========================================================================
Received Import Request.
  Time since last request: 0.064133 seconds.
  path: Packages/com.unity.timeline/Editor/StyleSheets/Images/Icons/TrackMarkerButtonDisabled.png
  artifactKey: Guid(33a52b41b4de5874ca7da1da32067e39) Importer(815301076,1909f56bfc062723c751e8b465ee728b)
Start importing Packages/com.unity.timeline/Editor/StyleSheets/Images/Icons/TrackMarkerButtonDisabled.png using Guid(33a52b41b4de5874ca7da1da32067e39) Importer(815301076,1909f56bfc062723c751e8b465ee728b)  -> (artifact id: 'b6782ad5567b91d05c10a7dc2fdbef06') in 0.008324 seconds 
========================================================================
Received Import Request.
  Time since last request: 0.015698 seconds.
  path: Packages/com.unity.timeline/Editor/StyleSheets/Images/Icons/TrackCurvesButtonEnabled.png
  artifactKey: Guid(9589d5d9eb09dec43b2ad51af4e78b1e) Importer(815301076,1909f56bfc062723c751e8b465ee728b)
Start importing Packages/com.unity.timeline/Editor/StyleSheets/Images/Icons/TrackCurvesButtonEnabled.png using Guid(9589d5d9eb09dec43b2ad51af4e78b1e) Importer(815301076,1909f56bfc062723c751e8b465ee728b)  -> (artifact id: '2cd5d5e0b1f24f6ee6cebe47dc31147c') in 0.008782 seconds 
========================================================================
Received Import Request.
  Time since last request: 0.000016 seconds.
  path: Packages/com.unity.timeline/Editor/StyleSheets/Images/Icons/TrackCurvesButtonEnabled@2x.png
  artifactKey: Guid(9e541b6dcfb77d34481f69b3d62d0343) Importer(815301076,1909f56bfc062723c751e8b465ee728b)
Start importing Packages/com.unity.timeline/Editor/StyleSheets/Images/Icons/TrackCurvesButtonEnabled@2x.png using Guid(9e541b6dcfb77d34481f69b3d62d0343) Importer(815301076,1909f56bfc062723c751e8b465ee728b)  -> (artifact id: 'a9acbdd5804044b4a7c2c08299585788') in 0.006547 seconds 
========================================================================
Received Import Request.
  Time since last request: 0.002947 seconds.
  path: Packages/com.unity.timeline/Editor/StyleSheets/Images/Icons/TrackAvatarButtonEnabled.png
  artifactKey: Guid(4bf6507f1346b2746a35384f6a5fd5f9) Importer(815301076,1909f56bfc062723c751e8b465ee728b)
Start importing Packages/com.unity.timeline/Editor/StyleSheets/Images/Icons/TrackAvatarButtonEnabled.png using Guid(4bf6507f1346b2746a35384f6a5fd5f9) Importer(815301076,1909f56bfc062723c751e8b465ee728b)  -> (artifact id: 'eec05ea9ca535648ec5f0034bd2ebe8a') in 0.009953 seconds 
========================================================================
Received Import Request.
  Time since last request: 0.003108 seconds.
  path: Assets/Oculus/VR/Textures/OculusTouchForRift/touchController_controlmap.tga
  artifactKey: Guid(8469e5158ec88094497effdf524ee900) Importer(815301076,1909f56bfc062723c751e8b465ee728b)
Start importing Assets/Oculus/VR/Textures/OculusTouchForRift/touchController_controlmap.tga using Guid(8469e5158ec88094497effdf524ee900) Importer(815301076,1909f56bfc062723c751e8b465ee728b)  -> (artifact id: '9536fe38bf1605a02a0ff74c77e5dad6') in 0.019665 seconds 
========================================================================
Received Import Request.
  Time since last request: 0.000019 seconds.
  path: Packages/com.unity.textmeshpro/Editor Resources/Gizmos/TMP - Sprite Asset Icon.psd
  artifactKey: Guid(ec7c645d93308c04d8840982af12101e) Importer(815301076,1909f56bfc062723c751e8b465ee728b)
Start importing Packages/com.unity.textmeshpro/Editor Resources/Gizmos/TMP - Sprite Asset Icon.psd using Guid(ec7c645d93308c04d8840982af12101e) Importer(815301076,1909f56bfc062723c751e8b465ee728b)  -> (artifact id: 'e0b9cb0829f57b6c120acc42aec5cd8f') in 0.013675 seconds 
========================================================================
Received Import Request.
  Time since last request: 0.000019 seconds.
  path: Packages/com.unity.textmeshpro/Editor Resources/Gizmos/TMP - Input Field Icon.psd
  artifactKey: Guid(3ee40aa79cd242a5b53b0b0ca4f13f0f) Importer(815301076,1909f56bfc062723c751e8b465ee728b)
Start importing Packages/com.unity.textmeshpro/Editor Resources/Gizmos/TMP - Input Field Icon.psd using Guid(3ee40aa79cd242a5b53b0b0ca4f13f0f) Importer(815301076,1909f56bfc062723c751e8b465ee728b)  -> (artifact id: 'fce8ea09639ee66f54e8362ba448ab92') in 0.007624 seconds 
========================================================================
Received Import Request.
  Time since last request: 0.018429 seconds.
  path: Packages/com.unity.timeline/Editor/StyleSheets/Images/LightSkin/TimelineSignalSelected.png
  artifactKey: Guid(1a7852b1b33b816498b6af1e739f5995) Importer(815301076,1909f56bfc062723c751e8b465ee728b)
Start importing Packages/com.unity.timeline/Editor/StyleSheets/Images/LightSkin/TimelineSignalSelected.png using Guid(1a7852b1b33b816498b6af1e739f5995) Importer(815301076,1909f56bfc062723c751e8b465ee728b)  -> (artifact id: 'a12ec4df9deda7af35906e9868ba660a') in 0.008890 seconds 
========================================================================
Received Import Request.
  Time since last request: 0.000019 seconds.
  path: Packages/com.unity.timeline/Editor/StyleSheets/Images/DarkSkin/TimelinePingPong.png
  artifactKey: Guid(d3b5c4f7d6b94f64085b3713bffa680e) Importer(815301076,1909f56bfc062723c751e8b465ee728b)
Start importing Packages/com.unity.timeline/Editor/StyleSheets/Images/DarkSkin/TimelinePingPong.png using Guid(d3b5c4f7d6b94f64085b3713bffa680e) Importer(815301076,1909f56bfc062723c751e8b465ee728b)  -> (artifact id: 'f860606bf17f1295c786fb9e33c02328') in 0.009619 seconds 
========================================================================
Received Import Request.
  Time since last request: 0.000018 seconds.
  path: Packages/com.unity.timeline/Editor/StyleSheets/Images/Shared/TimelineSeqEnd.png
  artifactKey: Guid(5dfe66e61e0d270468ae75349ff3a3eb) Importer(815301076,1909f56bfc062723c751e8b465ee728b)
Start importing Packages/com.unity.timeline/Editor/StyleSheets/Images/Shared/TimelineSeqEnd.png using Guid(5dfe66e61e0d270468ae75349ff3a3eb) Importer(815301076,1909f56bfc062723c751e8b465ee728b)  -> (artifact id: '9cb7bf1ed13af653bf86916957bed540') in 0.009992 seconds 
========================================================================
Received Import Request.
  Time since last request: 0.004928 seconds.
  path: Packages/com.unity.timeline/Editor/StyleSheets/Images/Shared/TimelineOutline.png
  artifactKey: Guid(829511f8e35bf3a40be037a1050f801c) Importer(815301076,1909f56bfc062723c751e8b465ee728b)
Start importing Packages/com.unity.timeline/Editor/StyleSheets/Images/Shared/TimelineOutline.png using Guid(829511f8e35bf3a40be037a1050f801c) Importer(815301076,1909f56bfc062723c751e8b465ee728b)  -> (artifact id: 'b23b5cd8b9c70bcc5b617fb9fc729acd') in 0.008632 seconds 
========================================================================
Received Import Request.
  Time since last request: 0.002178 seconds.
  path: Packages/com.unity.timeline/Editor/StyleSheets/Images/LightSkin/TimelineMarkerItem.png
  artifactKey: Guid(24b97c67b63a23b48bea4036d28a5818) Importer(815301076,1909f56bfc062723c751e8b465ee728b)
Start importing Packages/com.unity.timeline/Editor/StyleSheets/Images/LightSkin/TimelineMarkerItem.png using Guid(24b97c67b63a23b48bea4036d28a5818) Importer(815301076,1909f56bfc062723c751e8b465ee728b)  -> (artifact id: 'af7d9b99b986954c6462d9a99cc1ea3e') in 0.007243 seconds 
========================================================================
Received Import Request.
  Time since last request: 0.000019 seconds.
  path: Packages/com.unity.timeline/Editor/StyleSheets/Images/DarkSkin/TimelineMarkerItem.png
  artifactKey: Guid(c133595e3c100774496e03e66fa69259) Importer(815301076,1909f56bfc062723c751e8b465ee728b)
Start importing Packages/com.unity.timeline/Editor/StyleSheets/Images/DarkSkin/TimelineMarkerItem.png using Guid(c133595e3c100774496e03e66fa69259) Importer(815301076,1909f56bfc062723c751e8b465ee728b)  -> (artifact id: '07280c25757cd26fe3dc8a4cbeab9570') in 0.006871 seconds 
========================================================================
Received Import Request.
  Time since last request: 0.007072 seconds.
  path: Packages/com.unity.timeline/Editor/StyleSheets/Images/LightSkin/TimelineKeyframe.png
  artifactKey: Guid(f9fd2f335364cda41937eab39bf20049) Importer(815301076,1909f56bfc062723c751e8b465ee728b)
Start importing Packages/com.unity.timeline/Editor/StyleSheets/Images/LightSkin/TimelineKeyframe.png using Guid(f9fd2f335364cda41937eab39bf20049) Importer(815301076,1909f56bfc062723c751e8b465ee728b)  -> (artifact id: 'cd3f0db0571217e43d87d46d5d46fb3e') in 0.007672 seconds 
========================================================================
Received Import Request.
  Time since last request: 0.004208 seconds.
  path: Packages/com.unity.timeline/Editor/StyleSheets/Images/DarkSkin/TimelineHold.png
  artifactKey: Guid(ddbd45249a133a846b2f20e39b537565) Importer(815301076,1909f56bfc062723c751e8b465ee728b)
Start importing Packages/com.unity.timeline/Editor/StyleSheets/Images/DarkSkin/TimelineHold.png using Guid(ddbd45249a133a846b2f20e39b537565) Importer(815301076,1909f56bfc062723c751e8b465ee728b)  -> (artifact id: '61f97173971584209ecd1a9ca8018728') in 0.008617 seconds 
========================================================================
Received Import Request.
  Time since last request: 0.000019 seconds.
  path: Packages/com.unity.timeline/Editor/StyleSheets/Images/LightSkin/TimelineHold.png
  artifactKey: Guid(a09fd8b5d9396c24a96a6de50cddc3b9) Importer(815301076,1909f56bfc062723c751e8b465ee728b)
Start importing Packages/com.unity.timeline/Editor/StyleSheets/Images/LightSkin/TimelineHold.png using Guid(a09fd8b5d9396c24a96a6de50cddc3b9) Importer(815301076,1909f56bfc062723c751e8b465ee728b)  -> (artifact id: '21432daf01a8e6d8b124cf78399b7512') in 0.008507 seconds 
========================================================================
Received Import Request.
  Time since last request: 0.193649 seconds.
  path: Packages/com.unity.timeline/Editor/StyleSheets/Images/Icons/TimelineEditModeRippleOFF.png
  artifactKey: Guid(bd7b7cac6eb0c3f469781d9a729a1c94) Importer(815301076,1909f56bfc062723c751e8b465ee728b)
Start importing Packages/com.unity.timeline/Editor/StyleSheets/Images/Icons/TimelineEditModeRippleOFF.png using Guid(bd7b7cac6eb0c3f469781d9a729a1c94) Importer(815301076,1909f56bfc062723c751e8b465ee728b)  -> (artifact id: '04975475ad12b2347458b5b83cd997b4') in 0.008325 seconds 
========================================================================
Received Import Request.
  Time since last request: 0.021748 seconds.
  path: Packages/com.unity.timeline/Editor/StyleSheets/Images/Icons/TimelineEditModeMixOFF.png
  artifactKey: Guid(8fca5ed160cdc5440a4c7561db4082b2) Importer(815301076,1909f56bfc062723c751e8b465ee728b)
Start importing Packages/com.unity.timeline/Editor/StyleSheets/Images/Icons/TimelineEditModeMixOFF.png using Guid(8fca5ed160cdc5440a4c7561db4082b2) Importer(815301076,1909f56bfc062723c751e8b465ee728b)  -> (artifact id: 'bb7f853507d5ceb793a6229843fa6886') in 0.009564 seconds 
========================================================================
Received Import Request.
  Time since last request: 0.000025 seconds.
  path: Packages/com.unity.timeline/Editor/StyleSheets/Images/Icons/TimelineCollapseMarkerButtonDisabled.png
  artifactKey: Guid(b80d5b6acdfbc114b9efab6295fd96c1) Importer(815301076,1909f56bfc062723c751e8b465ee728b)
Start importing Packages/com.unity.timeline/Editor/StyleSheets/Images/Icons/TimelineCollapseMarkerButtonDisabled.png using Guid(b80d5b6acdfbc114b9efab6295fd96c1) Importer(815301076,1909f56bfc062723c751e8b465ee728b)  -> (artifact id: 'a6879148ae991e4f8dae9fa04ee2d7cf') in 0.009407 seconds 
========================================================================
Received Import Request.
  Time since last request: 0.950487 seconds.
  path: Assets/Calm Water/Demo/River/Textures/T_Rockdetail3_N.tif
  artifactKey: Guid(24bcc36f93b595a4c86ae1f93c308352) Importer(815301076,1909f56bfc062723c751e8b465ee728b)
Start importing Assets/Calm Water/Demo/River/Textures/T_Rockdetail3_N.tif using Guid(24bcc36f93b595a4c86ae1f93c308352) Importer(815301076,1909f56bfc062723c751e8b465ee728b)  -> (artifact id: 'ba8202b803ab6c806449a02e5e5400a2') in 0.023717 seconds 
========================================================================
Received Import Request.
  Time since last request: 0.396558 seconds.
  path: Assets/Calm Water/Demo/Pond/Textures/T_Foam_a.psd
  artifactKey: Guid(f3ed797cad96fec41b94d8626de3f1ab) Importer(815301076,1909f56bfc062723c751e8b465ee728b)
Start importing Assets/Calm Water/Demo/Pond/Textures/T_Foam_a.psd using Guid(f3ed797cad96fec41b94d8626de3f1ab) Importer(815301076,1909f56bfc062723c751e8b465ee728b)  -> (artifact id: '7a4d7702581a4cbb24213a6f02134952') in 0.027275 seconds 
========================================================================
Received Import Request.
  Time since last request: 0.000018 seconds.
  path: Assets/Calm Water/Demo/River/Textures/T_Leaf_02_D.tga
  artifactKey: Guid(c4e30de698a815d4abe1e39ec873c50f) Importer(815301076,1909f56bfc062723c751e8b465ee728b)
Start importing Assets/Calm Water/Demo/River/Textures/T_Leaf_02_D.tga using Guid(c4e30de698a815d4abe1e39ec873c50f) Importer(815301076,1909f56bfc062723c751e8b465ee728b)  -> (artifact id: 'c4361849b580152e14b4fa336479bb8b') in 0.020730 seconds 
========================================================================
Received Import Request.
  Time since last request: 0.000023 seconds.
  path: Assets/Calm Water/Demo/Pond/Textures/T_Falloff.psd
  artifactKey: Guid(23740055e2b119e40a939138ab8070f8) Importer(815301076,1909f56bfc062723c751e8b465ee728b)
Start importing Assets/Calm Water/Demo/Pond/Textures/T_Falloff.psd using Guid(23740055e2b119e40a939138ab8070f8) Importer(815301076,1909f56bfc062723c751e8b465ee728b)  -> (artifact id: '3e7f4e7715198261c35b9ef6be0a64ad') in 0.011622 seconds 
========================================================================
Received Import Request.
  Time since last request: 0.000015 seconds.
  path: Assets/Calm Water/Demo/FlowMap/Textures/T_Direction.psd
  artifactKey: Guid(4428de229cfa9dc44974f58c6612e374) Importer(815301076,1909f56bfc062723c751e8b465ee728b)
Start importing Assets/Calm Water/Demo/FlowMap/Textures/T_Direction.psd using Guid(4428de229cfa9dc44974f58c6612e374) Importer(815301076,1909f56bfc062723c751e8b465ee728b)  -> (artifact id: 'f9b8516fd2d75bdc45e2b164172bf155') in 0.027706 seconds 
========================================================================
Received Import Request.
  Time since last request: 0.000020 seconds.
  path: Assets/Calm Water/Demo/River/Textures/T_Cliff_A.tga
  artifactKey: Guid(2b80e4c7225581a4e9cc4bbfb8b2013c) Importer(815301076,1909f56bfc062723c751e8b465ee728b)
Start importing Assets/Calm Water/Demo/River/Textures/T_Cliff_A.tga using Guid(2b80e4c7225581a4e9cc4bbfb8b2013c) Importer(815301076,1909f56bfc062723c751e8b465ee728b)  -> (artifact id: 'cd3175cbf9eda189dc9fc7899a2704e1') in 0.021505 seconds 
========================================================================
Received Import Request.
  Time since last request: 0.000029 seconds.
  path: Assets/Rod/surv_rod_mesh_perem_surv_rod_m_AlbedoTransparency.png
  artifactKey: Guid(af91e67dcdc476c4e8a21c4e57ac4a2a) Importer(815301076,1909f56bfc062723c751e8b465ee728b)
Start importing Assets/Rod/surv_rod_mesh_perem_surv_rod_m_AlbedoTransparency.png using Guid(af91e67dcdc476c4e8a21c4e57ac4a2a) Importer(815301076,1909f56bfc062723c751e8b465ee728b)  -> (artifact id: '825b2b40b841ecda1eba89db6ce6e265') in 0.045567 seconds 
========================================================================
Received Import Request.
  Time since last request: 8.964996 seconds.
  path: Assets/Water_Splashes/Textures/SmallSplash_Jet_TextureSheet_Lowres.tif
  artifactKey: Guid(132bf01f2d2d03f4e83a1009c45f506c) Importer(815301076,1909f56bfc062723c751e8b465ee728b)
Start importing Assets/Water_Splashes/Textures/SmallSplash_Jet_TextureSheet_Lowres.tif using Guid(132bf01f2d2d03f4e83a1009c45f506c) Importer(815301076,1909f56bfc062723c751e8b465ee728b)  -> (artifact id: 'a8f4255690f877a6651de117fc0bd10a') in 0.024031 seconds 
========================================================================
Received Import Request.
  Time since last request: 0.225172 seconds.
  path: Assets/Oculus/SampleFramework/Usage/SharedAssets/Skyboxes/Sky_02/Skybox02_Right-X.png
  artifactKey: Guid(2225d3954773c41dfb5cbe8356988e16) Importer(815301076,1909f56bfc062723c751e8b465ee728b)
Start importing Assets/Oculus/SampleFramework/Usage/SharedAssets/Skyboxes/Sky_02/Skybox02_Right-X.png using Guid(2225d3954773c41dfb5cbe8356988e16) Importer(815301076,1909f56bfc062723c751e8b465ee728b)  -> (artifact id: '0a8c39bcb674c76658cf2696474fc6b6') in 0.029435 seconds 
========================================================================
Received Import Request.
  Time since last request: 0.162744 seconds.
  path: Assets/Oculus/SampleFramework/Usage/SharedAssets/Skyboxes/Sky_02/Skybox02_Down-Y.png
  artifactKey: Guid(af3f54a0947374fd597b7af530d495e3) Importer(815301076,1909f56bfc062723c751e8b465ee728b)
Start importing Assets/Oculus/SampleFramework/Usage/SharedAssets/Skyboxes/Sky_02/Skybox02_Down-Y.png using Guid(af3f54a0947374fd597b7af530d495e3) Importer(815301076,1909f56bfc062723c751e8b465ee728b)  -> (artifact id: '52cc31df546864a3463321e1a2a7b86c') in 0.026180 seconds 
========================================================================
Received Import Request.
  Time since last request: 0.232975 seconds.
  path: Assets/Oculus/LipSync/Models/FemaleHead_Morph/skin_NRM.tga
  artifactKey: Guid(e2d7f58dd4c84431b994602bf58090de) Importer(815301076,1909f56bfc062723c751e8b465ee728b)
Start importing Assets/Oculus/LipSync/Models/FemaleHead_Morph/skin_NRM.tga using Guid(e2d7f58dd4c84431b994602bf58090de) Importer(815301076,1909f56bfc062723c751e8b465ee728b)  -> (artifact id: '94d43abb83a92343ae2572ff5dccaec2') in 0.045983 seconds 
========================================================================
Received Import Request.
  Time since last request: 0.633726 seconds.
  path: Assets/Calm Water/Demo/River/Textures/Tree 3_Textures/shadow.png
  artifactKey: Guid(88009b06af5a3674e98f9b3cb2d2c605) Importer(815301076,1909f56bfc062723c751e8b465ee728b)
Start importing Assets/Calm Water/Demo/River/Textures/Tree 3_Textures/shadow.png using Guid(88009b06af5a3674e98f9b3cb2d2c605) Importer(815301076,1909f56bfc062723c751e8b465ee728b)  -> (artifact id: 'c728b08d83bccb19c412f0989a7341c4') in 0.008283 seconds 
========================================================================
Received Import Request.
  Time since last request: 0.490522 seconds.
  path: Packages/com.unity.textmeshpro/Editor Resources/Textures/SectionHeader_Light.psd
  artifactKey: Guid(e3b0f810fdea84e40ab4ba20f256f7e8) Importer(815301076,1909f56bfc062723c751e8b465ee728b)
Start importing Packages/com.unity.textmeshpro/Editor Resources/Textures/SectionHeader_Light.psd using Guid(e3b0f810fdea84e40ab4ba20f256f7e8) Importer(815301076,1909f56bfc062723c751e8b465ee728b)  -> (artifact id: '4f6225afafac675748c0d6de973623cc') in 0.008616 seconds 
========================================================================
Received Import Request.
  Time since last request: 0.240566 seconds.
  path: Packages/com.unity.collab-proxy/Editor/Collaborate/Assets/Icons/search-light@2x.png
  artifactKey: Guid(fa5b15174efac1a499b91afa33c625fb) Importer(815301076,1909f56bfc062723c751e8b465ee728b)
Start importing Packages/com.unity.collab-proxy/Editor/Collaborate/Assets/Icons/search-light@2x.png using Guid(fa5b15174efac1a499b91afa33c625fb) Importer(815301076,1909f56bfc062723c751e8b465ee728b)  -> (artifact id: '3987333c597bf7587281769e4975def5') in 0.010877 seconds 
========================================================================
Received Import Request.
  Time since last request: 0.213632 seconds.
  path: Assets/Oculus/Interaction/Samples/Textures/Scissors.png
  artifactKey: Guid(f5342f171ba4a9d42801d9116dc2da0c) Importer(815301076,1909f56bfc062723c751e8b465ee728b)
Start importing Assets/Oculus/Interaction/Samples/Textures/Scissors.png using Guid(f5342f171ba4a9d42801d9116dc2da0c) Importer(815301076,1909f56bfc062723c751e8b465ee728b)  -> (artifact id: '3809f92c9875e3adc9f7b91481c42528') in 0.017036 seconds 
========================================================================
Received Import Request.
  Time since last request: 0.243209 seconds.
  path: Assets/Oculus/SampleFramework/Usage/SharedAssets/Textures/room_atlas_02.png
  artifactKey: Guid(8700222470771441c925471baadbd02b) Importer(815301076,1909f56bfc062723c751e8b465ee728b)
Start importing Assets/Oculus/SampleFramework/Usage/SharedAssets/Textures/room_atlas_02.png using Guid(8700222470771441c925471baadbd02b) Importer(815301076,1909f56bfc062723c751e8b465ee728b)  -> (artifact id: '964aae24594f8221b76d20a2c09028c1') in 0.040320 seconds 
========================================================================
Received Import Request.
  Time since last request: 4.130989 seconds.
  path: Assets/Oculus/SampleFramework/Core/TouchControllers/Materials/Textures/R_controller_DIF.TGA
  artifactKey: Guid(19fc42fe258be4f4fad36df2d831d6d7) Importer(815301076,1909f56bfc062723c751e8b465ee728b)
Start importing Assets/Oculus/SampleFramework/Core/TouchControllers/Materials/Textures/R_controller_DIF.TGA using Guid(19fc42fe258be4f4fad36df2d831d6d7) Importer(815301076,1909f56bfc062723c751e8b465ee728b)  -> (artifact id: 'e050ad1535a4b0ba80ae09d4dce2b91f') in 0.103809 seconds 
========================================================================
Received Import Request.
  Time since last request: 0.481172 seconds.
  path: Assets/Oculus/Interaction/Samples/Objects/Props/BigRedButton/Textures/Podium/Podium_Normal.png
  artifactKey: Guid(93cef7b123baace49a4508c4b6f2cec3) Importer(815301076,1909f56bfc062723c751e8b465ee728b)
Start importing Assets/Oculus/Interaction/Samples/Objects/Props/BigRedButton/Textures/Podium/Podium_Normal.png using Guid(93cef7b123baace49a4508c4b6f2cec3) Importer(815301076,1909f56bfc062723c751e8b465ee728b)  -> (artifact id: 'f7e24f069dadba64405e079a95d97034') in 0.052661 seconds 
========================================================================
Received Import Request.
  Time since last request: 0.283503 seconds.
  path: Assets/Calm Water/Demo/Pond/FBX/PillarWood/pillar_D.psd
  artifactKey: Guid(d87c9a0af8fd6654a934b4938dd6ad7e) Importer(815301076,1909f56bfc062723c751e8b465ee728b)
Start importing Assets/Calm Water/Demo/Pond/FBX/PillarWood/pillar_D.psd using Guid(d87c9a0af8fd6654a934b4938dd6ad7e) Importer(815301076,1909f56bfc062723c751e8b465ee728b)  -> (artifact id: '7b840c39165d5f9f5f972a347066f3d0') in 0.019342 seconds 
========================================================================
Received Import Request.
  Time since last request: 2.176744 seconds.
  path: Packages/com.unity.collab-proxy/Editor/PlasticSCM/Assets/Images/ok.png
  artifactKey: Guid(3238dca1e9ea9fb4aa64b28298ba6dbd) Importer(815301076,1909f56bfc062723c751e8b465ee728b)
Start importing Packages/com.unity.collab-proxy/Editor/PlasticSCM/Assets/Images/ok.png using Guid(3238dca1e9ea9fb4aa64b28298ba6dbd) Importer(815301076,1909f56bfc062723c751e8b465ee728b)  -> (artifact id: 'be819b71f5cc438b00fac4c60343ebe3') in 0.034677 seconds 
========================================================================
Received Import Request.
  Time since last request: 0.767084 seconds.
  path: Assets/Calm Water/Demo/River/Textures/Tree 1_Textures/normal_specular.png
  artifactKey: Guid(e83d108fb92fb0a49a1b4a40947bb85e) Importer(815301076,1909f56bfc062723c751e8b465ee728b)
Start importing Assets/Calm Water/Demo/River/Textures/Tree 1_Textures/normal_specular.png using Guid(e83d108fb92fb0a49a1b4a40947bb85e) Importer(815301076,1909f56bfc062723c751e8b465ee728b)  -> (artifact id: '707b5dde1b780b21ea1aeca3704006eb') in 0.010443 seconds 
========================================================================
Received Import Request.
  Time since last request: 0.000023 seconds.
  path: Packages/com.unity.collab-proxy/Editor/PlasticSCM/Assets/Images/notondisk.png
  artifactKey: Guid(b205f4b28f59dda49af458b35d8a3ff3) Importer(815301076,1909f56bfc062723c751e8b465ee728b)
Start importing Packages/com.unity.collab-proxy/Editor/PlasticSCM/Assets/Images/notondisk.png using Guid(b205f4b28f59dda49af458b35d8a3ff3) Importer(815301076,1909f56bfc062723c751e8b465ee728b)  -> (artifact id: '7ffb245d0fd63fe75f2a1841798c47cf') in 0.010871 seconds 
========================================================================
Received Import Request.
  Time since last request: 0.000021 seconds.
  path: Assets/Calm Water/Demo/River/Textures/Tree 2_Textures/normal_specular.png
  artifactKey: Guid(00dd4719409eee64088f135649e98d3d) Importer(815301076,1909f56bfc062723c751e8b465ee728b)
Start importing Assets/Calm Water/Demo/River/Textures/Tree 2_Textures/normal_specular.png using Guid(00dd4719409eee64088f135649e98d3d) Importer(815301076,1909f56bfc062723c751e8b465ee728b)  -> (artifact id: '38e10b439fbb454543a0b6615d9a3626') in 0.010475 seconds 
========================================================================
Received Import Request.
  Time since last request: 0.000025 seconds.
  path: Assets/Calm Water/Demo/River/Textures/Tree 3_Textures/normal_specular.png
  artifactKey: Guid(07ae2ea9749387742b17624ec98870f9) Importer(815301076,1909f56bfc062723c751e8b465ee728b)
Start importing Assets/Calm Water/Demo/River/Textures/Tree 3_Textures/normal_specular.png using Guid(07ae2ea9749387742b17624ec98870f9) Importer(815301076,1909f56bfc062723c751e8b465ee728b)  -> (artifact id: '9b94b83e69ad98f2570c5fa528f614e6') in 0.017237 seconds 
========================================================================
Received Import Request.
  Time since last request: 0.009577 seconds.
  path: Assets/Calm Water/Demo/River/Textures/Tree_Textures/normal_specular.png
  artifactKey: Guid(7b8ff5f20c9618d40915a50d3f16db74) Importer(815301076,1909f56bfc062723c751e8b465ee728b)
Start importing Assets/Calm Water/Demo/River/Textures/Tree_Textures/normal_specular.png using Guid(7b8ff5f20c9618d40915a50d3f16db74) Importer(815301076,1909f56bfc062723c751e8b465ee728b)  -> (artifact id: '666e182e963eafa61cfce00cbe59584c') in 0.013461 seconds 
========================================================================
Received Import Request.
  Time since last request: 0.000023 seconds.
  path: Assets/Calm Water/Demo/River/Textures/Cedar_01_Textures/normal_specular.png
  artifactKey: Guid(bd60c1c6ccd83e441ba083758c6cf07b) Importer(815301076,1909f56bfc062723c751e8b465ee728b)
Start importing Assets/Calm Water/Demo/River/Textures/Cedar_01_Textures/normal_specular.png using Guid(bd60c1c6ccd83e441ba083758c6cf07b) Importer(815301076,1909f56bfc062723c751e8b465ee728b)  -> (artifact id: '841c158a6aa1061bf00b9bad5e8dba37') in 0.013305 seconds 
========================================================================
Received Import Request.
  Time since last request: 0.000023 seconds.
  path: Assets/Calm Water/Demo/River/Textures/Grass_01_Textures/normal_specular.png
  artifactKey: Guid(702ada496cf6baa42b5d67b4745a9b22) Importer(815301076,1909f56bfc062723c751e8b465ee728b)
Start importing Assets/Calm Water/Demo/River/Textures/Grass_01_Textures/normal_specular.png using Guid(702ada496cf6baa42b5d67b4745a9b22) Importer(815301076,1909f56bfc062723c751e8b465ee728b)  -> (artifact id: '0a57ce048cc164c5f9e7c8335e07fd33') in 0.009409 seconds 
========================================================================
Received Import Request.
  Time since last request: 0.046015 seconds.
  path: Assets/Calm Water/Demo/River/Textures/Tree 4_Textures/normal_specular.png
  artifactKey: Guid(0d52ea7545c6f4b478b2703d1b7b31d3) Importer(815301076,1909f56bfc062723c751e8b465ee728b)
Start importing Assets/Calm Water/Demo/River/Textures/Tree 4_Textures/normal_specular.png using Guid(0d52ea7545c6f4b478b2703d1b7b31d3) Importer(815301076,1909f56bfc062723c751e8b465ee728b)  -> (artifact id: 'cbcb30c53ddc8b3874fe53db8af518d9') in 0.008393 seconds 
========================================================================
Received Import Request.
  Time since last request: 0.000021 seconds.
  path: Assets/Calm Water/Demo/River/Textures/Tree 5_Textures/normal_specular.png
  artifactKey: Guid(32ea6311aa020514aa0b4fa859ecdcb7) Importer(815301076,1909f56bfc062723c751e8b465ee728b)
Start importing Assets/Calm Water/Demo/River/Textures/Tree 5_Textures/normal_specular.png using Guid(32ea6311aa020514aa0b4fa859ecdcb7) Importer(815301076,1909f56bfc062723c751e8b465ee728b)  -> (artifact id: 'c58fe8a3746d4f79f535e5715297016d') in 0.014843 seconds 
========================================================================
Received Import Request.
  Time since last request: 0.188743 seconds.
  path: Assets/Oculus/SampleFramework/Core/DebugUI/Textures/noise_01.png
  artifactKey: Guid(fff70cc323e7244f0a6fed5ecb11a9a1) Importer(815301076,1909f56bfc062723c751e8b465ee728b)
Start importing Assets/Oculus/SampleFramework/Core/DebugUI/Textures/noise_01.png using Guid(fff70cc323e7244f0a6fed5ecb11a9a1) Importer(815301076,1909f56bfc062723c751e8b465ee728b)  -> (artifact id: '1b915b35ab621f818669ba0e67cd52ac') in 0.012337 seconds 
========================================================================
Received Import Request.
  Time since last request: 0.053634 seconds.
  path: Packages/com.unity.collab-proxy/Editor/Collaborate/Assets/Icons/moved-file-light@2x.png
  artifactKey: Guid(3a008b3f63356f241a197da231865421) Importer(815301076,1909f56bfc062723c751e8b465ee728b)
Start importing Packages/com.unity.collab-proxy/Editor/Collaborate/Assets/Icons/moved-file-light@2x.png using Guid(3a008b3f63356f241a197da231865421) Importer(815301076,1909f56bfc062723c751e8b465ee728b)  -> (artifact id: '53f85894520b6b01e4e9936475c0cd57') in 0.007242 seconds 
========================================================================
Received Import Request.
  Time since last request: 3.742705 seconds.
  path: Assets/Oculus/Interaction/Samples/Objects/Environment/Locomotion/Textures/LocomotionRoom/MetaLocomotionDoorLight.png
  artifactKey: Guid(82cd8a4c5433c9642b2d3e30538ae18f) Importer(815301076,1909f56bfc062723c751e8b465ee728b)
Start importing Assets/Oculus/Interaction/Samples/Objects/Environment/Locomotion/Textures/LocomotionRoom/MetaLocomotionDoorLight.png using Guid(82cd8a4c5433c9642b2d3e30538ae18f) Importer(815301076,1909f56bfc062723c751e8b465ee728b)  -> (artifact id: '17edaa4ed20c32854178e9291ba65e07') in 0.012077 seconds 
========================================================================
Received Import Request.
  Time since last request: 0.674703 seconds.
  path: Packages/com.unity.collab-proxy/Editor/Collaborate/Assets/Icons/merge-conflicts-dark.png
  artifactKey: Guid(f15453c5e25703942b480f17a40794f5) Importer(815301076,1909f56bfc062723c751e8b465ee728b)
Start importing Packages/com.unity.collab-proxy/Editor/Collaborate/Assets/Icons/merge-conflicts-dark.png using Guid(f15453c5e25703942b480f17a40794f5) Importer(815301076,1909f56bfc062723c751e8b465ee728b)  -> (artifact id: '96871c96886965b226403103334c91c5') in 0.019378 seconds 
========================================================================
Received Import Request.
  Time since last request: 0.333796 seconds.
  path: Assets/Oculus/Interaction/Samples/Objects/Props/MapWithPins/Textures/MapFrame_AlbedoRoughness.png
  artifactKey: Guid(3aa5fc4e6a97e16438745b91b40bfd81) Importer(815301076,1909f56bfc062723c751e8b465ee728b)
Start importing Assets/Oculus/Interaction/Samples/Objects/Props/MapWithPins/Textures/MapFrame_AlbedoRoughness.png using Guid(3aa5fc4e6a97e16438745b91b40bfd81) Importer(815301076,1909f56bfc062723c751e8b465ee728b)  -> (artifact id: '33d3afa1e746f7a67497699350bb9548') in 0.018245 seconds 
========================================================================
Received Import Request.
  Time since last request: 1.116688 seconds.
  path: Assets/Oculus/SampleFramework/Usage/HandsTrainExample/TrainScene/Lightmap-37_comp_dir.png
  artifactKey: Guid(3be141b48bd146f4ca180ba22df240ee) Importer(815301076,1909f56bfc062723c751e8b465ee728b)
Start importing Assets/Oculus/SampleFramework/Usage/HandsTrainExample/TrainScene/Lightmap-37_comp_dir.png using Guid(3be141b48bd146f4ca180ba22df240ee) Importer(815301076,1909f56bfc062723c751e8b465ee728b)  -> (artifact id: 'b248242ef5ec3aec8629463ba1acded3') in 0.011639 seconds 
========================================================================
Received Import Request.
  Time since last request: 0.065556 seconds.
  path: Assets/Oculus/SampleFramework/Usage/HandsTrainExample/TrainScene/Lightmap-36_comp_light.exr
  artifactKey: Guid(29f91df4d499e964aac915afaa33c14f) Importer(815301076,1909f56bfc062723c751e8b465ee728b)
Start importing Assets/Oculus/SampleFramework/Usage/HandsTrainExample/TrainScene/Lightmap-36_comp_light.exr using Guid(29f91df4d499e964aac915afaa33c14f) Importer(815301076,1909f56bfc062723c751e8b465ee728b)  -> (artifact id: 'c4b105fd95b72d756b27b506760efee5') in 0.016826 seconds 
========================================================================
Received Import Request.
  Time since last request: 0.304944 seconds.
  path: Assets/Oculus/SampleFramework/Usage/HandsTrainExample/TrainScene/Lightmap-34_comp_light.exr
  artifactKey: Guid(1f49a33c8089cc44f85b49e29f45bfe9) Importer(815301076,1909f56bfc062723c751e8b465ee728b)
Start importing Assets/Oculus/SampleFramework/Usage/HandsTrainExample/TrainScene/Lightmap-34_comp_light.exr using Guid(1f49a33c8089cc44f85b49e29f45bfe9) Importer(815301076,1909f56bfc062723c751e8b465ee728b)  -> (artifact id: 'f960619a4369fb8a38612272378bb1ed') in 0.022010 seconds 
========================================================================
Received Import Request.
  Time since last request: 0.259141 seconds.
  path: Assets/Oculus/SampleFramework/Usage/HandsTrainExample/TrainScene/Lightmap-31_comp_shadowmask.png
  artifactKey: Guid(f70e7df3a2fa3aa41a0f5a99ee2c74a2) Importer(815301076,1909f56bfc062723c751e8b465ee728b)
Start importing Assets/Oculus/SampleFramework/Usage/HandsTrainExample/TrainScene/Lightmap-31_comp_shadowmask.png using Guid(f70e7df3a2fa3aa41a0f5a99ee2c74a2) Importer(815301076,1909f56bfc062723c751e8b465ee728b)  -> (artifact id: 'a8df578eb0eae006b2a1748d45f7571d') in 0.009589 seconds 
========================================================================
Received Import Request.
  Time since last request: 0.320724 seconds.
  path: Assets/Oculus/SampleFramework/Usage/HandsTrainExample/TrainScene/Lightmap-29_comp_dir.png
  artifactKey: Guid(1c6c43d426db4a84fb06cf0fcbf6ca6b) Importer(815301076,1909f56bfc062723c751e8b465ee728b)
Start importing Assets/Oculus/SampleFramework/Usage/HandsTrainExample/TrainScene/Lightmap-29_comp_dir.png using Guid(1c6c43d426db4a84fb06cf0fcbf6ca6b) Importer(815301076,1909f56bfc062723c751e8b465ee728b)  -> (artifact id: 'd7df014df56228f4d69c208e7023437f') in 0.013055 seconds 
========================================================================
Received Import Request.
  Time since last request: 0.369894 seconds.
  path: Assets/Oculus/SampleFramework/Usage/HandsTrainExample/TrainScene/Lightmap-24_comp_light.exr
  artifactKey: Guid(8bc3b51c94085cc4796c223656e118f1) Importer(815301076,1909f56bfc062723c751e8b465ee728b)
Start importing Assets/Oculus/SampleFramework/Usage/HandsTrainExample/TrainScene/Lightmap-24_comp_light.exr using Guid(8bc3b51c94085cc4796c223656e118f1) Importer(815301076,1909f56bfc062723c751e8b465ee728b)  -> (artifact id: 'dd8b17aff670c31f2ccf1d8235dbd852') in 0.013999 seconds 
========================================================================
Received Import Request.
  Time since last request: 0.356368 seconds.
  path: Assets/Oculus/SampleFramework/Usage/HandsTrainExample/TrainScene/Lightmap-21_comp_dir.png
  artifactKey: Guid(ad29d3edb7994234badcf80687bd9bd5) Importer(815301076,1909f56bfc062723c751e8b465ee728b)
Start importing Assets/Oculus/SampleFramework/Usage/HandsTrainExample/TrainScene/Lightmap-21_comp_dir.png using Guid(ad29d3edb7994234badcf80687bd9bd5) Importer(815301076,1909f56bfc062723c751e8b465ee728b)  -> (artifact id: 'a64e590165f583a74b12df3c2c762b70') in 0.011785 seconds 
========================================================================
Received Import Request.
  Time since last request: 0.058445 seconds.
  path: Assets/Oculus/SampleFramework/Usage/HandsTrainExample/TrainScene/Lightmap-19_comp_dir.png
  artifactKey: Guid(c5b3c31a184a9b14ca0407e885edc7f3) Importer(815301076,1909f56bfc062723c751e8b465ee728b)
Start importing Assets/Oculus/SampleFramework/Usage/HandsTrainExample/TrainScene/Lightmap-19_comp_dir.png using Guid(c5b3c31a184a9b14ca0407e885edc7f3) Importer(815301076,1909f56bfc062723c751e8b465ee728b)  -> (artifact id: '05738ae6dc5af80627d00c7ed946b90b') in 0.014071 seconds 
========================================================================
Received Import Request.
  Time since last request: 0.271817 seconds.
  path: Assets/Oculus/SampleFramework/Usage/HandsTrainExample/TrainScene/Lightmap-17_comp_shadowmask.png
  artifactKey: Guid(309ac67c8a05fcb43a3c9bf73766a435) Importer(815301076,1909f56bfc062723c751e8b465ee728b)
Start importing Assets/Oculus/SampleFramework/Usage/HandsTrainExample/TrainScene/Lightmap-17_comp_shadowmask.png using Guid(309ac67c8a05fcb43a3c9bf73766a435) Importer(815301076,1909f56bfc062723c751e8b465ee728b)  -> (artifact id: '0d3d82bcfd60908a5b80df413b78c5b6') in 0.012151 seconds 
========================================================================
Received Import Request.
  Time since last request: 0.029846 seconds.
  path: Assets/Oculus/SampleFramework/Usage/HandsTrainExample/TrainScene/Lightmap-16_comp_light.exr
  artifactKey: Guid(2b80f3d1fe781ae4083c0fa7def4d9c2) Importer(815301076,1909f56bfc062723c751e8b465ee728b)
Start importing Assets/Oculus/SampleFramework/Usage/HandsTrainExample/TrainScene/Lightmap-16_comp_light.exr using Guid(2b80f3d1fe781ae4083c0fa7def4d9c2) Importer(815301076,1909f56bfc062723c751e8b465ee728b)  -> (artifact id: 'a5c169968925e2cf55ada258b18a846a') in 0.012088 seconds 
========================================================================
Received Import Request.
  Time since last request: 0.334488 seconds.
  path: Assets/Oculus/SampleFramework/Usage/HandsTrainExample/TrainScene/Lightmap-13_comp_shadowmask.png
  artifactKey: Guid(bc458cbbc60567643b16e45b2247673f) Importer(815301076,1909f56bfc062723c751e8b465ee728b)
Start importing Assets/Oculus/SampleFramework/Usage/HandsTrainExample/TrainScene/Lightmap-13_comp_shadowmask.png using Guid(bc458cbbc60567643b16e45b2247673f) Importer(815301076,1909f56bfc062723c751e8b465ee728b)  -> (artifact id: 'def2185933697f27debda5258561ac9c') in 0.013120 seconds 
========================================================================
Received Import Request.
  Time since last request: 0.035922 seconds.
  path: Assets/Oculus/SampleFramework/Usage/HandsTrainExample/TrainScene/Lightmap-11_comp_shadowmask.png
  artifactKey: Guid(4af181395a0889942bd42a93cfa85f62) Importer(815301076,1909f56bfc062723c751e8b465ee728b)
Start importing Assets/Oculus/SampleFramework/Usage/HandsTrainExample/TrainScene/Lightmap-11_comp_shadowmask.png using Guid(4af181395a0889942bd42a93cfa85f62) Importer(815301076,1909f56bfc062723c751e8b465ee728b)  -> (artifact id: 'afdf350412ea3c7b909f8b8394e92e65') in 0.013011 seconds 
========================================================================
Received Import Request.
  Time since last request: 0.273873 seconds.
  path: Assets/Oculus/SampleFramework/Usage/HandsTrainExample/TrainScene/Lightmap-10_comp_light.exr
  artifactKey: Guid(1cc060f59bfd2bf4f89995f6e5e90f79) Importer(815301076,1909f56bfc062723c751e8b465ee728b)
Start importing Assets/Oculus/SampleFramework/Usage/HandsTrainExample/TrainScene/Lightmap-10_comp_light.exr using Guid(1cc060f59bfd2bf4f89995f6e5e90f79) Importer(815301076,1909f56bfc062723c751e8b465ee728b)  -> (artifact id: '74cc90df6c7957a8a8ec6415c895ecdf') in 0.008940 seconds 
========================================================================
Received Import Request.
  Time since last request: 0.033936 seconds.
  path: Assets/Oculus/SampleFramework/Usage/HandsTrainExample/TrainScene/Lightmap-9_comp_dir.png
  artifactKey: Guid(d2b66bf386e4ecc4a96274d3fbd904fe) Importer(815301076,1909f56bfc062723c751e8b465ee728b)
Start importing Assets/Oculus/SampleFramework/Usage/HandsTrainExample/TrainScene/Lightmap-9_comp_dir.png using Guid(d2b66bf386e4ecc4a96274d3fbd904fe) Importer(815301076,1909f56bfc062723c751e8b465ee728b)  -> (artifact id: '4b75ffa507c560fec70362fe48985eef') in 0.009826 seconds 
========================================================================
Received Import Request.
  Time since last request: 0.373546 seconds.
  path: Assets/Oculus/SampleFramework/Usage/HandsTrainExample/TrainScene/Lightmap-1_comp_light.exr
  artifactKey: Guid(f02543222e5a4d144b8947c8947be81a) Importer(815301076,1909f56bfc062723c751e8b465ee728b)
Start importing Assets/Oculus/SampleFramework/Usage/HandsTrainExample/TrainScene/Lightmap-1_comp_light.exr using Guid(f02543222e5a4d144b8947c8947be81a) Importer(815301076,1909f56bfc062723c751e8b465ee728b)  -> (artifact id: '7b101e889d9fd1b430cc895822e160f5') in 0.027385 seconds 
========================================================================
Received Import Request.
  Time since last request: 0.292716 seconds.
  path: Assets/Boats/Show/Lightmap-0_comp_dir.exr
  artifactKey: Guid(f585c1eee02aa9b4ebf20c200610ffce) Importer(815301076,1909f56bfc062723c751e8b465ee728b)
Start importing Assets/Boats/Show/Lightmap-0_comp_dir.exr using Guid(f585c1eee02aa9b4ebf20c200610ffce) Importer(815301076,1909f56bfc062723c751e8b465ee728b)  -> (artifact id: '5eabc2d2e366aa8a6c76f51bc243dc83') in 0.013642 seconds 
========================================================================
Received Import Request.
  Time since last request: 0.027041 seconds.
  path: Assets/Oculus/Interaction/Samples/Objects/Props/Key/Textures/keyTexture.png
  artifactKey: Guid(c704ccf98609c79458c5816c029a99de) Importer(815301076,1909f56bfc062723c751e8b465ee728b)
Start importing Assets/Oculus/Interaction/Samples/Objects/Props/Key/Textures/keyTexture.png using Guid(c704ccf98609c79458c5816c029a99de) Importer(815301076,1909f56bfc062723c751e8b465ee728b)  -> (artifact id: '18487006a319f8fd3b46337a31e565e4') in 0.010673 seconds 
========================================================================
Received Import Request.
  Time since last request: 1.808487 seconds.
  path: Packages/com.unity.collab-proxy/Editor/PlasticSCM/Assets/Images/iconpressedclosebutton.png
  artifactKey: Guid(94fe868620119564f9474f40cd6145aa) Importer(815301076,1909f56bfc062723c751e8b465ee728b)
Start importing Packages/com.unity.collab-proxy/Editor/PlasticSCM/Assets/Images/iconpressedclosebutton.png using Guid(94fe868620119564f9474f40cd6145aa) Importer(815301076,1909f56bfc062723c751e8b465ee728b)  -> (artifact id: 'a487b6d1a0773460688f338d82c4fa9d') in 0.024962 seconds 
========================================================================
Received Import Request.
  Time since last request: 0.048212 seconds.
  path: Packages/com.unity.collab-proxy/Editor/PlasticSCM/Assets/Images/iconplasticviewnotify.png
  artifactKey: Guid(fcbb76d583fe7ee4e80e7e47c0593c4a) Importer(815301076,1909f56bfc062723c751e8b465ee728b)
Start importing Packages/com.unity.collab-proxy/Editor/PlasticSCM/Assets/Images/iconplasticviewnotify.png using Guid(fcbb76d583fe7ee4e80e7e47c0593c4a) Importer(815301076,1909f56bfc062723c751e8b465ee728b)  -> (artifact id: 'c1f07a181d64d4a2a2372ce76d95ff9b') in 0.014339 seconds 
========================================================================
Received Import Request.
  Time since last request: 0.230347 seconds.
  path: Packages/com.unity.collab-proxy/Editor/PlasticSCM/Assets/Images/iconplasticnotifyconflict.png
  artifactKey: Guid(a916ed6819efd014588f58e3cfc48196) Importer(815301076,1909f56bfc062723c751e8b465ee728b)
Start importing Packages/com.unity.collab-proxy/Editor/PlasticSCM/Assets/Images/iconplasticnotifyconflict.png using Guid(a916ed6819efd014588f58e3cfc48196) Importer(815301076,1909f56bfc062723c751e8b465ee728b)  -> (artifact id: '12025db2e3fa1a6bd53056b10178f18e') in 0.026932 seconds 
========================================================================
Received Import Request.
  Time since last request: 0.041719 seconds.
  path: Packages/com.unity.collab-proxy/Editor/PlasticSCM/Assets/Images/iconoutofsyncoverlay@2x.png
  artifactKey: Guid(3728580c149181a44b359e89f6edacae) Importer(815301076,1909f56bfc062723c751e8b465ee728b)
Start importing Packages/com.unity.collab-proxy/Editor/PlasticSCM/Assets/Images/iconoutofsyncoverlay@2x.png using Guid(3728580c149181a44b359e89f6edacae) Importer(815301076,1909f56bfc062723c751e8b465ee728b)  -> (artifact id: 'c559aeac5f63daa0aac57a894f9d249b') in 0.028027 seconds 
========================================================================
Received Import Request.
  Time since last request: 0.210702 seconds.
  path: Packages/com.unity.collab-proxy/Editor/PlasticSCM/Assets/Images/iconlockedlocaloverlay@2x.png
  artifactKey: Guid(b528c1b33a65cf94ea74f830b54c9acb) Importer(815301076,1909f56bfc062723c751e8b465ee728b)
Start importing Packages/com.unity.collab-proxy/Editor/PlasticSCM/Assets/Images/iconlockedlocaloverlay@2x.png using Guid(b528c1b33a65cf94ea74f830b54c9acb) Importer(815301076,1909f56bfc062723c751e8b465ee728b)  -> (artifact id: '0ad39d12459c684b6cdfb74ac52a0bfc') in 0.010118 seconds 
========================================================================
Received Import Request.
  Time since last request: 0.313444 seconds.
  path: Packages/com.unity.collab-proxy/Editor/PlasticSCM/Assets/Images/iconconflictresolvedoverlay.png
  artifactKey: Guid(0a78c2b019ae1e5448f50d83adcfd965) Importer(815301076,1909f56bfc062723c751e8b465ee728b)
Start importing Packages/com.unity.collab-proxy/Editor/PlasticSCM/Assets/Images/iconconflictresolvedoverlay.png using Guid(0a78c2b019ae1e5448f50d83adcfd965) Importer(815301076,1909f56bfc062723c751e8b465ee728b)  -> (artifact id: '0d1bf5a7a474a9af9c9e6ea1ed3a82d4') in 0.010992 seconds 
========================================================================
Received Import Request.
  Time since last request: 0.322673 seconds.
  path: Packages/com.unity.collab-proxy/Editor/PlasticSCM/Assets/Images/iconaddedoverlay@2x.png
  artifactKey: Guid(74ef721fef79c44489d4e3edb0ab0c01) Importer(815301076,1909f56bfc062723c751e8b465ee728b)
Start importing Packages/com.unity.collab-proxy/Editor/PlasticSCM/Assets/Images/iconaddedoverlay@2x.png using Guid(74ef721fef79c44489d4e3edb0ab0c01) Importer(815301076,1909f56bfc062723c751e8b465ee728b)  -> (artifact id: 'c089ddd47e577359dacb5d9cfeda16b2') in 0.010375 seconds 
========================================================================
Received Import Request.
  Time since last request: 0.269465 seconds.
  path: Assets/Oculus/VR/Textures/HandTracking/HandTracking_uvmap_2048.png
  artifactKey: Guid(c00bf1ce0c68d5646ad7ea3d26b3486d) Importer(815301076,1909f56bfc062723c751e8b465ee728b)
Start importing Assets/Oculus/VR/Textures/HandTracking/HandTracking_uvmap_2048.png using Guid(c00bf1ce0c68d5646ad7ea3d26b3486d) Importer(815301076,1909f56bfc062723c751e8b465ee728b)  -> (artifact id: 'e2712f29787951930488a934e9e82b58') in 0.020962 seconds 
========================================================================
Received Import Request.
  Time since last request: 0.030520 seconds.
  path: Assets/Oculus/VR/Textures/handle.png
  artifactKey: Guid(ce8f78b2b9292484e97f36ad9568fc4f) Importer(815301076,1909f56bfc062723c751e8b465ee728b)
Start importing Assets/Oculus/VR/Textures/handle.png using Guid(ce8f78b2b9292484e97f36ad9568fc4f) Importer(815301076,1909f56bfc062723c751e8b465ee728b)  -> (artifact id: '05d361e8bde7df0b2fd9312287984d48') in 0.014095 seconds 
========================================================================
Received Import Request.
  Time since last request: 0.278221 seconds.
  path: Assets/Oculus/Interaction/Samples/Objects/Environment/Room/Textures/furnitureDiffuse.png
  artifactKey: Guid(fb267f285579d3a4ba0ce049610fea7e) Importer(815301076,1909f56bfc062723c751e8b465ee728b)
Start importing Assets/Oculus/Interaction/Samples/Objects/Environment/Room/Textures/furnitureDiffuse.png using Guid(fb267f285579d3a4ba0ce049610fea7e) Importer(815301076,1909f56bfc062723c751e8b465ee728b)  -> (artifact id: '42d651fbeb206076fd81115f3e8563e3') in 0.030067 seconds 
========================================================================
Received Import Request.
  Time since last request: 0.190766 seconds.
  path: Assets/Oculus/Interaction/Samples/Objects/Environment/Screen/Textures/FrameTexture.png
  artifactKey: Guid(b72a0683c91bec846b3ac4e2f8bfe0df) Importer(815301076,1909f56bfc062723c751e8b465ee728b)
Start importing Assets/Oculus/Interaction/Samples/Objects/Environment/Screen/Textures/FrameTexture.png using Guid(b72a0683c91bec846b3ac4e2f8bfe0df) Importer(815301076,1909f56bfc062723c751e8b465ee728b)  -> (artifact id: 'f40f7e8cf432c46f07964586f6f8619e') in 0.011142 seconds 
========================================================================
Received Import Request.
  Time since last request: 0.034532 seconds.
  path: Assets/Oculus/SampleFramework/Core/DebugUI/Fonts/Montserrat/Montserrat-Medium.ttf
  artifactKey: Guid(6921a454aa104cf47a67f59c64acaa17) Importer(815301076,1909f56bfc062723c751e8b465ee728b)
Start importing Assets/Oculus/SampleFramework/Core/DebugUI/Fonts/Montserrat/Montserrat-Medium.ttf using Guid(6921a454aa104cf47a67f59c64acaa17) Importer(815301076,1909f56bfc062723c751e8b465ee728b)  -> (artifact id: '2b3a782e1e0592be00571fe5bc366fc1') in 0.130243 seconds 
========================================================================
Received Import Request.
  Time since last request: 0.109315 seconds.
  path: Assets/Oculus/SampleFramework/Usage/Locomotion/Textures/floor_wood_02_msm.png
  artifactKey: Guid(ed587ec08f0b14bb58a1cd80e8d4fedc) Importer(815301076,1909f56bfc062723c751e8b465ee728b)
Start importing Assets/Oculus/SampleFramework/Usage/Locomotion/Textures/floor_wood_02_msm.png using Guid(ed587ec08f0b14bb58a1cd80e8d4fedc) Importer(815301076,1909f56bfc062723c751e8b465ee728b)  -> (artifact id: '2b048cf8cd44269843cbe860fcca65a8') in 0.037712 seconds 
========================================================================
Received Import Request.
  Time since last request: 0.297503 seconds.
  path: Assets/Oculus/SampleFramework/Usage/Locomotion/Textures/floor_wood_01_dif.png
  artifactKey: Guid(47c72aea7837946679d91402f5af8665) Importer(815301076,1909f56bfc062723c751e8b465ee728b)
Start importing Assets/Oculus/SampleFramework/Usage/Locomotion/Textures/floor_wood_01_dif.png using Guid(47c72aea7837946679d91402f5af8665) Importer(815301076,1909f56bfc062723c751e8b465ee728b)  -> (artifact id: 'e14363dbec28c6ba633fd52485dafee6') in 0.031834 seconds 
========================================================================
Received Import Request.
  Time since last request: 0.263715 seconds.
  path: Assets/Oculus/Interaction/Runtime/Textures/fingers_glow_mask.png
  artifactKey: Guid(67be4f15fa1af0c4486fedbfeb87774c) Importer(815301076,1909f56bfc062723c751e8b465ee728b)
Start importing Assets/Oculus/Interaction/Runtime/Textures/fingers_glow_mask.png using Guid(67be4f15fa1af0c4486fedbfeb87774c) Importer(815301076,1909f56bfc062723c751e8b465ee728b)  -> (artifact id: '325be100835c95747e8730c6a327c458') in 0.011968 seconds 
========================================================================
Received Import Request.
  Time since last request: 0.348781 seconds.
  path: Assets/Oculus/SampleFramework/Usage/Passthrough/Materials/EdgeGlow.tga
  artifactKey: Guid(fb7fa0fc41f43754b862769848783352) Importer(815301076,1909f56bfc062723c751e8b465ee728b)
Start importing Assets/Oculus/SampleFramework/Usage/Passthrough/Materials/EdgeGlow.tga using Guid(fb7fa0fc41f43754b862769848783352) Importer(815301076,1909f56bfc062723c751e8b465ee728b)  -> (artifact id: '7b9c220680661ee3d27283706d55477c') in 0.008244 seconds 
========================================================================
Received Import Request.
  Time since last request: 0.223283 seconds.
  path: Assets/Oculus/Interaction/Samples/Objects/Props/Doll/Textures/DollDiffuse.png
  artifactKey: Guid(229eee8f330bf3a458b9547fa838f51e) Importer(815301076,1909f56bfc062723c751e8b465ee728b)
Start importing Assets/Oculus/Interaction/Samples/Objects/Props/Doll/Textures/DollDiffuse.png using Guid(229eee8f330bf3a458b9547fa838f51e) Importer(815301076,1909f56bfc062723c751e8b465ee728b)  -> (artifact id: '6184c40cf2350c6343f3b6ab30aa4e67') in 0.017565 seconds 
========================================================================
Received Import Request.
  Time since last request: 0.025782 seconds.
  path: Assets/Oculus/SampleFramework/Usage/HandsTrainExample/Textures/diorama_paint_diorama_main_elements_DiffuseGlossiness.png
  artifactKey: Guid(67dce7e8b86381241a992e155b539e5a) Importer(815301076,1909f56bfc062723c751e8b465ee728b)
Start importing Assets/Oculus/SampleFramework/Usage/HandsTrainExample/Textures/diorama_paint_diorama_main_elements_DiffuseGlossiness.png using Guid(67dce7e8b86381241a992e155b539e5a) Importer(815301076,1909f56bfc062723c751e8b465ee728b)  -> (artifact id: '20e77da2b5e8e878b3fdb36750513a8d') in 0.055317 seconds 
========================================================================
Received Import Request.
  Time since last request: 0.195202 seconds.
  path: Assets/Calm Water/Demo/River/Textures/Tree 2_Textures/diffuse.png
  artifactKey: Guid(a29a033dd5915654f8c61fe442fe257e) Importer(815301076,1909f56bfc062723c751e8b465ee728b)
Start importing Assets/Calm Water/Demo/River/Textures/Tree 2_Textures/diffuse.png using Guid(a29a033dd5915654f8c61fe442fe257e) Importer(815301076,1909f56bfc062723c751e8b465ee728b)  -> (artifact id: '80ccaf01c8b33676775931a629865f8b') in 0.017190 seconds 
========================================================================
Received Import Request.
  Time since last request: 0.226446 seconds.
  path: Packages/com.unity.collab-proxy/Editor/Collaborate/Assets/Icons/diff-dark.png
  artifactKey: Guid(06bb2a7fb040987409dae109d185de22) Importer(815301076,1909f56bfc062723c751e8b465ee728b)
Start importing Packages/com.unity.collab-proxy/Editor/Collaborate/Assets/Icons/diff-dark.png using Guid(06bb2a7fb040987409dae109d185de22) Importer(815301076,1909f56bfc062723c751e8b465ee728b)  -> (artifact id: 'd47152980b61c5a8eff12ab887486954') in 0.013070 seconds 
========================================================================
Received Import Request.
  Time since last request: 0.031162 seconds.
  path: Packages/com.unity.collab-proxy/Editor/Collaborate/Assets/Icons/deleted-file-dark@2x.png
  artifactKey: Guid(a7d900a247e707e45a257328c3ee381e) Importer(815301076,1909f56bfc062723c751e8b465ee728b)
Start importing Packages/com.unity.collab-proxy/Editor/Collaborate/Assets/Icons/deleted-file-dark@2x.png using Guid(a7d900a247e707e45a257328c3ee381e) Importer(815301076,1909f56bfc062723c751e8b465ee728b)  -> (artifact id: '27c5bf6757788299d1c66089401471cc') in 0.011857 seconds 
========================================================================
Received Import Request.
  Time since last request: 0.214135 seconds.
  path: Packages/com.unity.timeline/Editor/StyleSheets/Images/Icons/d_TrackRecordButtonEnabled@2x.png
  artifactKey: Guid(0f1c9a12872a30f45bab34f536332bb3) Importer(815301076,1909f56bfc062723c751e8b465ee728b)
Start importing Packages/com.unity.timeline/Editor/StyleSheets/Images/Icons/d_TrackRecordButtonEnabled@2x.png using Guid(0f1c9a12872a30f45bab34f536332bb3) Importer(815301076,1909f56bfc062723c751e8b465ee728b)  -> (artifact id: 'adcd47a8cba2dc9a66a431dcd53fd4d0') in 0.010779 seconds 
========================================================================
Received Import Request.
  Time since last request: 0.036658 seconds.
  path: Packages/com.unity.timeline/Editor/StyleSheets/Images/Icons/d_TrackMuteButtonEnabled@2x.png
  artifactKey: Guid(e54e20c7a9730fe4c822d63228527ae4) Importer(815301076,1909f56bfc062723c751e8b465ee728b)
Start importing Packages/com.unity.timeline/Editor/StyleSheets/Images/Icons/d_TrackMuteButtonEnabled@2x.png using Guid(e54e20c7a9730fe4c822d63228527ae4) Importer(815301076,1909f56bfc062723c751e8b465ee728b)  -> (artifact id: '10678f945b981d46f07ba4f26a282a73') in 0.011295 seconds 
========================================================================
Received Import Request.
  Time since last request: 0.238629 seconds.
  path: Packages/com.unity.timeline/Editor/StyleSheets/Images/Icons/d_TrackMarkerButtonDisabled@2x.png
  artifactKey: Guid(77d926c9a4ddcc940b8c000b45cbfb35) Importer(815301076,1909f56bfc062723c751e8b465ee728b)
Start importing Packages/com.unity.timeline/Editor/StyleSheets/Images/Icons/d_TrackMarkerButtonDisabled@2x.png using Guid(77d926c9a4ddcc940b8c000b45cbfb35) Importer(815301076,1909f56bfc062723c751e8b465ee728b)  -> (artifact id: 'f0ab4c8b3b5d4a1e44283b138d99c8e7') in 0.007863 seconds 
========================================================================
Received Import Request.
  Time since last request: 0.039381 seconds.
  path: Packages/com.unity.timeline/Editor/StyleSheets/Images/Icons/d_TrackLockButtonEnabled@2x.png
  artifactKey: Guid(2c85066ea99cfbe4f90294bf295ce543) Importer(815301076,1909f56bfc062723c751e8b465ee728b)
Start importing Packages/com.unity.timeline/Editor/StyleSheets/Images/Icons/d_TrackLockButtonEnabled@2x.png using Guid(2c85066ea99cfbe4f90294bf295ce543) Importer(815301076,1909f56bfc062723c751e8b465ee728b)  -> (artifact id: '954acec4e510ea3bbe27a009ad620696') in 0.009510 seconds 
========================================================================
Received Import Request.
  Time since last request: 0.211816 seconds.
  path: Packages/com.unity.timeline/Editor/StyleSheets/Images/Icons/d_TrackCurvesButtonDisabled@2x.png
  artifactKey: Guid(1f3ea4caa6e0ec74388e4d7d16690e68) Importer(815301076,1909f56bfc062723c751e8b465ee728b)
Start importing Packages/com.unity.timeline/Editor/StyleSheets/Images/Icons/d_TrackCurvesButtonDisabled@2x.png using Guid(1f3ea4caa6e0ec74388e4d7d16690e68) Importer(815301076,1909f56bfc062723c751e8b465ee728b)  -> (artifact id: '7bcc5a57771c71523959261a32e62cc5') in 0.013470 seconds 
========================================================================
Received Import Request.
  Time since last request: 0.033401 seconds.
  path: Packages/com.unity.timeline/Editor/StyleSheets/Images/Icons/d_TrackAvatarButtonEnabled@2x.png
  artifactKey: Guid(fd12dbe3b63ae464f824b4a74c0e1766) Importer(815301076,1909f56bfc062723c751e8b465ee728b)
Start importing Packages/com.unity.timeline/Editor/StyleSheets/Images/Icons/d_TrackAvatarButtonEnabled@2x.png using Guid(fd12dbe3b63ae464f824b4a74c0e1766) Importer(815301076,1909f56bfc062723c751e8b465ee728b)  -> (artifact id: '9796ef4f2eb9426e0b6cbf5b34840067') in 0.008313 seconds 
========================================================================
Received Import Request.
  Time since last request: 0.251624 seconds.
  path: Packages/com.unity.timeline/Editor/StyleSheets/Images/Icons/d_TimelineEditModeMixOFF.png
  artifactKey: Guid(39d9575ed0465354cb02b69ea18526de) Importer(815301076,1909f56bfc062723c751e8b465ee728b)
Start importing Packages/com.unity.timeline/Editor/StyleSheets/Images/Icons/d_TimelineEditModeMixOFF.png using Guid(39d9575ed0465354cb02b69ea18526de) Importer(815301076,1909f56bfc062723c751e8b465ee728b)  -> (artifact id: '00ae55500f577682459798d44db74328') in 0.012181 seconds 
========================================================================
Received Import Request.
  Time since last request: 0.239551 seconds.
  path: Packages/com.unity.collab-proxy/Editor/PlasticSCM/Assets/Images/d_stevejobsbuhochristmas.png
  artifactKey: Guid(08c91a7677e66844281a99aaf6ea36f1) Importer(815301076,1909f56bfc062723c751e8b465ee728b)
Start importing Packages/com.unity.collab-proxy/Editor/PlasticSCM/Assets/Images/d_stevejobsbuhochristmas.png using Guid(08c91a7677e66844281a99aaf6ea36f1) Importer(815301076,1909f56bfc062723c751e8b465ee728b)  -> (artifact id: 'ee0f1eda6db52965d5860d77649d3c2c') in 0.027095 seconds 
========================================================================
Received Prepare
Shader 'CalmWater/Calm Water [DX11] [Double Sided]': fallback shader 'Legacy/Diffuse' not found
Shader 'Oculus/OVRMRCameraFrameLit': fallback shader 'Alpha-Diffuse' not found
Refreshing native plugins compatible for Editor in 18.73 ms, found 8 plugins.
Preloading 1 native plugins for Editor in 0.11 ms.
Unloading 51 Unused Serialized files (Serialized files now loaded: 0)
Unloading 51 unused Assets / (162.3 KB). Loaded Objects now: 5508.
Memory consumption went from 97.0 MB to 96.8 MB.
Total: 3.389400 ms (FindLiveObjects: 0.361900 ms CreateObjectMapping: 0.205400 ms MarkObjects: 2.671000 ms  DeleteObjects: 0.150300 ms)

AssetImportParameters requested are different than current active one (requested -> active):
  graphicsApiMask: 2099200 -> 2048
  custom:video-decoder-ogg-theora: a1e56fd34408186e4bbccfd4996cb3dc -> 
  custom:container-muxer-webm: aa71ff27fc2769a1b78a27578f13a17b -> 
  custom:container-demuxer-webm: 4f35f7cbe854078d1ac9338744f61a02 -> 
  custom:video-encoder-webm-vp8: eb34c28f22e8b96e1ab97ce403110664 -> 
  custom:audio-encoder-webm-vorbis: bf7c407c2cedff20999df2af8eb42d56 -> 
  custom:framework-win-MediaFoundation: 216162199b28c13a410421893ffa2e32 -> 
  custom:container-demuxer-ogg: 62fdf1f143b41e24485cea50d1cbac27 -> 
  custom:video-decoder-webm-vp8: 9c59270c3fd7afecdb556c50c9e8de78 -> 
  custom:audio-decoder-ogg-vorbis: bf7c407c2cedff20999df2af8eb42d56 -> 
========================================================================
Received Prepare
Shader 'CalmWater/Calm Water [DX11] [Double Sided]': fallback shader 'Legacy/Diffuse' not found
Shader 'Oculus/OVRMRCameraFrameLit': fallback shader 'Alpha-Diffuse' not found
Refreshing native plugins compatible for Editor in 18.18 ms, found 8 plugins.
Preloading 1 native plugins for Editor in 0.10 ms.
Unloading 51 Unused Serialized files (Serialized files now loaded: 0)
Unloading 51 unused Assets / (162.3 KB). Loaded Objects now: 5508.
Memory consumption went from 97.0 MB to 96.8 MB.
Total: 3.062700 ms (FindLiveObjects: 0.361400 ms CreateObjectMapping: 0.195000 ms MarkObjects: 2.379700 ms  DeleteObjects: 0.126000 ms)

AssetImportParameters requested are different than current active one (requested -> active):
  custom:video-decoder-ogg-theora: a1e56fd34408186e4bbccfd4996cb3dc -> 
  custom:container-muxer-webm: aa71ff27fc2769a1b78a27578f13a17b -> 
  custom:container-demuxer-webm: 4f35f7cbe854078d1ac9338744f61a02 -> 
  custom:video-encoder-webm-vp8: eb34c28f22e8b96e1ab97ce403110664 -> 
  custom:audio-encoder-webm-vorbis: bf7c407c2cedff20999df2af8eb42d56 -> 
  custom:framework-win-MediaFoundation: 216162199b28c13a410421893ffa2e32 -> 
  custom:container-demuxer-ogg: 62fdf1f143b41e24485cea50d1cbac27 -> 
  custom:video-decoder-webm-vp8: 9c59270c3fd7afecdb556c50c9e8de78 -> 
  custom:audio-decoder-ogg-vorbis: bf7c407c2cedff20999df2af8eb42d56 -> 
Editor requested this worker to shutdown with reason: Scaling down because of idle timeout
AssetImportWorker is now disconnected from the server
Process exiting
Exiting without the bug reporter. Application will terminate with return code 0